0 info it worked if it ends with ok
1 verbose cli [ '/usr/bin/node',
1 verbose cli   '/usr/bin/npm',
1 verbose cli   'install',
1 verbose cli   '-g',
1 verbose cli   'mysql',
1 verbose cli   '--save' ]
2 info using npm@1.4.28
3 info using node@v0.10.37
4 verbose node symlink /usr/bin/node
5 verbose cache add [ 'mysql', null ]
6 verbose cache add name=undefined spec="mysql" args=["mysql",null]
7 verbose parsed url { protocol: null,
7 verbose parsed url   slashes: null,
7 verbose parsed url   auth: null,
7 verbose parsed url   host: null,
7 verbose parsed url   port: null,
7 verbose parsed url   hostname: null,
7 verbose parsed url   hash: null,
7 verbose parsed url   search: null,
7 verbose parsed url   query: null,
7 verbose parsed url   pathname: 'mysql',
7 verbose parsed url   path: 'mysql',
7 verbose parsed url   href: 'mysql' }
8 silly lockFile f460c882-mysql mysql
9 verbose lock mysql /home/yohannes/.npm/f460c882-mysql.lock
10 silly lockFile f460c882-mysql mysql
11 silly lockFile f460c882-mysql mysql
12 verbose addNamed [ 'mysql', '' ]
13 verbose addNamed [ null, '*' ]
14 silly lockFile 6df78a86-mysql mysql@
15 verbose lock mysql@ /home/yohannes/.npm/6df78a86-mysql.lock
16 silly addNameRange { name: 'mysql', range: '*', hasData: false }
17 verbose request where is /mysql
18 verbose request registry https://registry.npmjs.org/
19 verbose request id c0d0778eb4713cee
20 verbose url raw /mysql
21 verbose url resolving [ 'https://registry.npmjs.org/', './mysql' ]
22 verbose url resolved https://registry.npmjs.org/mysql
23 verbose request where is https://registry.npmjs.org/mysql
24 info trying registry request attempt 1 at 00:31:48
25 verbose etag "BP9PRNK3ITOPTH5VVPN9GK980"
26 http GET https://registry.npmjs.org/mysql
27 http 200 https://registry.npmjs.org/mysql
28 silly registry.get cb [ 200,
28 silly registry.get   { server: 'CouchDB/1.5.0 (Erlang OTP/R16B03)',
28 silly registry.get     etag: '"ES9ZLOPHP4OAJU9OSBG06GNVC"',
28 silly registry.get     'content-type': 'application/json',
28 silly registry.get     'cache-control': 'max-age=60',
28 silly registry.get     'content-length': '116511',
28 silly registry.get     'accept-ranges': 'bytes',
28 silly registry.get     date: 'Tue, 01 Sep 2015 05:31:48 GMT',
28 silly registry.get     via: '1.1 varnish',
28 silly registry.get     age: '0',
28 silly registry.get     connection: 'keep-alive',
28 silly registry.get     'x-served-by': 'cache-ord1730-ORD',
28 silly registry.get     'x-cache': 'HIT',
28 silly registry.get     'x-cache-hits': '1',
28 silly registry.get     'x-timer': 'S1441085508.559599,VS0,VE153',
28 silly registry.get     vary: 'Accept' } ]
29 silly addNameRange number 2 { name: 'mysql', range: '*', hasData: true }
30 silly addNameRange versions [ 'mysql',
30 silly addNameRange   [ '0.1.0',
30 silly addNameRange     '0.2.0',
30 silly addNameRange     '0.3.0',
30 silly addNameRange     '0.4.0',
30 silly addNameRange     '0.5.0',
30 silly addNameRange     '0.6.0',
30 silly addNameRange     '0.7.0',
30 silly addNameRange     '0.8.0',
30 silly addNameRange     '0.9.0',
30 silly addNameRange     '0.9.1',
30 silly addNameRange     '0.9.2',
30 silly addNameRange     '0.9.3',
30 silly addNameRange     '0.9.4',
30 silly addNameRange     '0.9.5',
30 silly addNameRange     '0.9.6',
30 silly addNameRange     '2.0.0-alpha',
30 silly addNameRange     '2.0.0-alpha2',
30 silly addNameRange     '2.0.0-alpha3',
30 silly addNameRange     '2.0.0-alpha4',
30 silly addNameRange     '2.0.0-alpha5',
30 silly addNameRange     '2.0.0-alpha6',
30 silly addNameRange     '2.0.0-alpha7',
30 silly addNameRange     '2.0.0-alpha8',
30 silly addNameRange     '2.0.0-alpha9',
30 silly addNameRange     '2.0.0-rc1',
30 silly addNameRange     '2.0.0-rc2',
30 silly addNameRange     '2.0.0',
30 silly addNameRange     '2.0.1',
30 silly addNameRange     '2.1.0',
30 silly addNameRange     '2.1.1',
30 silly addNameRange     '2.2.0',
30 silly addNameRange     '2.3.0',
30 silly addNameRange     '2.3.1',
30 silly addNameRange     '2.3.2',
30 silly addNameRange     '2.4.0',
30 silly addNameRange     '2.4.1',
30 silly addNameRange     '2.4.2',
30 silly addNameRange     '2.4.3',
30 silly addNameRange     '2.5.0',
30 silly addNameRange     '2.5.1',
30 silly addNameRange     '2.5.2',
30 silly addNameRange     '2.5.3',
30 silly addNameRange     '2.5.4',
30 silly addNameRange     '2.5.5',
30 silly addNameRange     '2.6.0',
30 silly addNameRange     '2.6.1',
30 silly addNameRange     '2.6.2',
30 silly addNameRange     '2.7.0',
30 silly addNameRange     '2.8.0',
30 silly addNameRange     '2.9.0' ] ]
31 verbose addNamed [ 'mysql', '2.9.0' ]
32 verbose addNamed [ '2.9.0', '2.9.0' ]
33 silly lockFile e4a39ed0-mysql-2-9-0 mysql@2.9.0
34 verbose lock mysql@2.9.0 /home/yohannes/.npm/e4a39ed0-mysql-2-9-0.lock
35 silly lockFile e4a39ed0-mysql-2-9-0 mysql@2.9.0
36 silly lockFile e4a39ed0-mysql-2-9-0 mysql@2.9.0
37 silly lockFile 6df78a86-mysql mysql@
38 silly lockFile 6df78a86-mysql mysql@
39 silly resolved [ { name: 'mysql',
39 silly resolved     description: 'A node.js driver for mysql. It is written in JavaScript, does not require compiling, and is 100% MIT licensed.',
39 silly resolved     version: '2.9.0',
39 silly resolved     license: 'MIT',
39 silly resolved     author:
39 silly resolved      { name: 'Felix Geisendörfer',
39 silly resolved        email: 'felix@debuggable.com',
39 silly resolved        url: 'http://debuggable.com/' },
39 silly resolved     contributors: [ [Object], [Object], [Object] ],
39 silly resolved     homepage: 'https://github.com/felixge/node-mysql',
39 silly resolved     repository: { type: 'git', url: 'https://github.com/felixge/node-mysql' },
39 silly resolved     dependencies: { 'bignumber.js': '2.0.7', 'readable-stream': '~1.1.13' },
39 silly resolved     devDependencies:
39 silly resolved      { istanbul: '0.3.9',
39 silly resolved        rimraf: '2.2.8',
39 silly resolved        'require-all': '~1.1.0',
39 silly resolved        'timezone-mock': '0.0.0',
39 silly resolved        mkdirp: '0.5.1',
39 silly resolved        urun: '0.0.8',
39 silly resolved        utest: '0.0.8' },
39 silly resolved     files: [ 'lib/', 'Changes.md', 'License', 'Readme.md', 'index.js' ],
39 silly resolved     engines: { node: '>= 0.6' },
39 silly resolved     scripts:
39 silly resolved      { test: 'node test/run.js',
39 silly resolved        'test-ci': 'node test/run-cov.js lcovonly',
39 silly resolved        'test-cov': 'node test/run-cov.js' },
39 silly resolved     gitHead: '6ad9f4b0cf40b563cb583b169bda531bdb731159',
39 silly resolved     bugs: { url: 'https://github.com/felixge/node-mysql/issues' },
39 silly resolved     _id: 'mysql@2.9.0',
39 silly resolved     _shasum: '8b2218a9ddaf92518caefad78d152df1b6b64213',
39 silly resolved     _from: 'mysql@',
39 silly resolved     _npmVersion: '1.4.28',
39 silly resolved     _npmUser: { name: 'dougwilson', email: 'doug@somethingdoug.com' },
39 silly resolved     maintainers:
39 silly resolved      [ [Object],
39 silly resolved        [Object],
39 silly resolved        [Object],
39 silly resolved        [Object],
39 silly resolved        [Object],
39 silly resolved        [Object],
39 silly resolved        [Object],
39 silly resolved        [Object],
39 silly resolved        [Object] ],
39 silly resolved     dist:
39 silly resolved      { shasum: '8b2218a9ddaf92518caefad78d152df1b6b64213',
39 silly resolved        tarball: 'http://registry.npmjs.org/mysql/-/mysql-2.9.0.tgz' },
39 silly resolved     directories: {},
39 silly resolved     _resolved: 'https://registry.npmjs.org/mysql/-/mysql-2.9.0.tgz',
39 silly resolved     readme: 'ERROR: No README data found!' } ]
40 info install mysql@2.9.0 into /usr/lib
41 info installOne mysql@2.9.0
42 verbose lib/node_modules/mysql unbuild
43 verbose tar unpack /home/yohannes/.npm/mysql/2.9.0/package.tgz
44 silly lockFile 29ff5b8d-tar-usr-lib-node-modules-mysql tar:///usr/lib/node_modules/mysql
45 verbose lock tar:///usr/lib/node_modules/mysql /home/yohannes/.npm/29ff5b8d-tar-usr-lib-node-modules-mysql.lock
46 silly lockFile 1f79cb13-nnes-npm-mysql-2-9-0-package-tgz tar:///home/yohannes/.npm/mysql/2.9.0/package.tgz
47 verbose lock tar:///home/yohannes/.npm/mysql/2.9.0/package.tgz /home/yohannes/.npm/1f79cb13-nnes-npm-mysql-2-9-0-package-tgz.lock
48 silly gunzTarPerm modes [ '775', '664' ]
49 error Error: EACCES, mkdir '/usr/lib/node_modules/mysql'
49 error  { [Error: EACCES, mkdir '/usr/lib/node_modules/mysql']
49 error   errno: 3,
49 error   code: 'EACCES',
49 error   path: '/usr/lib/node_modules/mysql',
49 error   fstream_type: 'Directory',
49 error   fstream_path: '/usr/lib/node_modules/mysql',
49 error   fstream_class: 'DirWriter',
49 error   fstream_stack:
49 error    [ '/usr/lib/node_modules/npm/node_modules/fstream/lib/dir-writer.js:36:23',
49 error      '/usr/lib/node_modules/npm/node_modules/mkdirp/index.js:46:53',
49 error      'Object.oncomplete (fs.js:108:15)' ] }
50 error Please try running this command again as root/Administrator.
51 error System Linux 3.13.0-46-generic
52 error command "/usr/bin/node" "/usr/bin/npm" "install" "-g" "mysql" "--save"
53 error cwd /home/yohannes/Desktop/Development/Javascript/trackMe
54 error node -v v0.10.37
55 error npm -v 1.4.28
56 error path /usr/lib/node_modules/mysql
57 error fstream_path /usr/lib/node_modules/mysql
58 error fstream_type Directory
59 error fstream_class DirWriter
60 error code EACCES
61 error errno 3
62 error stack Error: EACCES, mkdir '/usr/lib/node_modules/mysql'
63 error fstream_stack /usr/lib/node_modules/npm/node_modules/fstream/lib/dir-writer.js:36:23
63 error fstream_stack /usr/lib/node_modules/npm/node_modules/mkdirp/index.js:46:53
63 error fstream_stack Object.oncomplete (fs.js:108:15)
64 verbose exit [ 3, true ]
